<?xml version="1.0" encoding="UTF-8"?>
<testng-results ignored="0" total="1" passed="1" failed="0" skipped="0">
  <reporter-output>
  </reporter-output>
  <suite started-at="2022-05-31T10:14:05Z" name="Default suite" finished-at="2022-05-31T10:14:37Z" duration-ms="32509">
    <groups>
    </groups>
    <test started-at="2022-05-31T10:14:05Z" name="Default test" finished-at="2022-05-31T10:14:37Z" duration-ms="32509">
      <class name="com.vtiger.product.test.CreateProductTest">
        <test-method is-config="true" signature="beforesuite1Test()[pri:0, instance:com.vtiger.product.test.CreateProductTest@3ab6678b]" started-at="2022-05-31T10:14:02Z" name="beforesuite1Test" finished-at="2022-05-31T10:14:05Z" duration-ms="2424" status="PASS">
          <reporter-output>
          </reporter-output>
        </test-method> <!-- beforesuite1Test -->
        <test-method is-config="true" signature="beforeClass1Test()[pri:0, instance:com.vtiger.product.test.CreateProductTest@3ab6678b]" started-at="2022-05-31T10:14:05Z" name="beforeClass1Test" finished-at="2022-05-31T10:14:12Z" duration-ms="7238" status="PASS">
          <reporter-output>
          </reporter-output>
        </test-method> <!-- beforeClass1Test -->
        <test-method is-config="true" signature="beforeMethod1Test()[pri:0, instance:com.vtiger.product.test.CreateProductTest@3ab6678b]" started-at="2022-05-31T10:14:12Z" name="beforeMethod1Test" finished-at="2022-05-31T10:14:15Z" duration-ms="3284" status="PASS">
          <reporter-output>
          </reporter-output>
        </test-method> <!-- beforeMethod1Test -->
        <test-method signature="createProdcutName()[pri:0, instance:com.vtiger.product.test.CreateProductTest@3ab6678b]" started-at="2022-05-31T10:14:15Z" name="createProdcutName" finished-at="2022-05-31T10:14:31Z" duration-ms="15401" status="PASS">
          <reporter-output>
          </reporter-output>
        </test-method> <!-- createProdcutName -->
        <test-method is-config="true" signature="afterMethod1Test()[pri:0, instance:com.vtiger.product.test.CreateProductTest@3ab6678b]" started-at="2022-05-31T10:14:31Z" name="afterMethod1Test" finished-at="2022-05-31T10:14:36Z" duration-ms="4856" status="PASS">
          <reporter-output>
          </reporter-output>
        </test-method> <!-- afterMethod1Test -->
        <test-method is-config="true" signature="afterClass1Test()[pri:0, instance:com.vtiger.product.test.CreateProductTest@3ab6678b]" started-at="2022-05-31T10:14:36Z" name="afterClass1Test" finished-at="2022-05-31T10:14:37Z" duration-ms="1362" status="PASS">
          <reporter-output>
          </reporter-output>
        </test-method> <!-- afterClass1Test -->
        <test-method is-config="true" signature="aftersuite1Test()[pri:0, instance:com.vtiger.product.test.CreateProductTest@3ab6678b]" started-at="2022-05-31T10:14:37Z" name="aftersuite1Test" finished-at="2022-05-31T10:14:37Z" duration-ms="0" status="PASS">
          <reporter-output>
          </reporter-output>
        </test-method> <!-- aftersuite1Test -->
      </class> <!-- com.vtiger.product.test.CreateProductTest -->
    </test> <!-- Default test -->
  </suite> <!-- Default suite -->
</testng-results>
